Using pre-set license
Built from '2020.3/staging' branch; Version is '2020.3.13f1 (71691879b7f5) revision 7432472'; Using compiler version '192528614'; Build Type 'Release'
OS: 'Windows 10 Pro; OS build 19043.1348; Version 2009; 64bit' Language: 'es' Physical Memory: 16335 MB
BatchMode: 1, IsHumanControllingUs: 0, StartBugReporterOnCrash: 0, Is64bit: 1, IsPro: 0

 COMMAND LINE ARGUMENTS:
F:\UnityProyectos\2020.3.13f1\Editor\Unity.exe
-adb2
-batchMode
-noUpm
-name
AssetImportWorker0
-projectPath
E:/Unity_Exportados/CoderHouse/DDV_Final_Project/FinalProyectDDV
-logFile
Logs/AssetImportWorker0.log
-srvPort
60722
Successfully changed project path to: E:/Unity_Exportados/CoderHouse/DDV_Final_Project/FinalProyectDDV
E:/Unity_Exportados/CoderHouse/DDV_Final_Project/FinalProyectDDV
Using Asset Import Pipeline V2.
Refreshing native plugins compatible for Editor in 51.98 ms, found 2 plugins.
Preloading 0 native plugins for Editor in 0.00 ms.
Initialize engine version: 2020.3.13f1 (71691879b7f5)
[Subsystems] Discovering subsystems at path F:/UnityProyectos/2020.3.13f1/Editor/Data/Resources/UnitySubsystems
[Subsystems] Discovering subsystems at path E:/Unity_Exportados/CoderHouse/DDV_Final_Project/FinalProyectDDV/Assets
GfxDevice: creating device client; threaded=0
Direct3D:
    Version:  Direct3D 11.0 [level 11.1]
    Renderer: Radeon RX 570 Series (ID=0x67df)
    Vendor:   
    VRAM:     8171 MB
    Driver:   30.0.13037.1003
Initialize mono
Mono path[0] = 'F:/UnityProyectos/2020.3.13f1/Editor/Data/Managed'
Mono path[1] = 'F:/UnityProyectos/2020.3.13f1/Editor/Data/MonoBleedingEdge/lib/mono/unityjit'
Mono config path = 'F:/UnityProyectos/2020.3.13f1/Editor/Data/MonoBleedingEdge/etc'
Using monoOptions --debugger-agent=transport=dt_socket,embedding=1,server=y,suspend=n,address=127.0.0.1:56780
Begin MonoManager ReloadAssembly
Registering precompiled unity dll's ...
Register platform support module: F:/UnityProyectos/2020.3.13f1/Editor/Data/PlaybackEngines/WebGLSupport/UnityEditor.WebGL.Extensions.dll
Register platform support module: F:/UnityProyectos/2020.3.13f1/Editor/Data/PlaybackEngines/MacStandaloneSupport/UnityEditor.OSXStandalone.Extensions.dll
Register platform support module: F:/UnityProyectos/2020.3.13f1/Editor/Data/PlaybackEngines/WindowsStandaloneSupport/UnityEditor.WindowsStandalone.Extensions.dll
Registered in 0.001729 seconds.
Native extension for WindowsStandalone target not found
Native extension for OSXStandalone target not found
Native extension for WebGL target not found
Refreshing native plugins compatible for Editor in 46.01 ms, found 2 plugins.
Preloading 0 native plugins for Editor in 0.00 ms.
Mono: successfully reloaded assembly
- Completed reload, in  1.748 seconds
Platform modules already initialized, skipping
Registering precompiled user dll's ...
Registered in 0.002502 seconds.
Begin MonoManager ReloadAssembly
Native extension for WindowsStandalone target not found
Native extension for OSXStandalone target not found
Native extension for WebGL target not found
Refreshing native plugins compatible for Editor in 0.46 ms, found 2 plugins.
Preloading 0 native plugins for Editor in 0.00 ms.
Mono: successfully reloaded assembly
- Completed reload, in  1.106 seconds
Platform modules already initialized, skipping
========================================================================
Worker process is ready to serve import requests
Launched and connected shader compiler UnityShaderCompiler.exe after 0.05 seconds
Refreshing native plugins compatible for Editor in 0.44 ms, found 2 plugins.
Preloading 0 native plugins for Editor in 0.00 ms.
Unloading 1708 Unused Serialized files (Serialized files now loaded: 0)
System memory in use before: 165.1 MB.
System memory in use after: 165.2 MB.

Unloading 16 unused Assets to reduce memory usage. Loaded Objects now: 2167.
Total: 2.238700 ms (FindLiveObjects: 0.194800 ms CreateObjectMapping: 0.045200 ms MarkObjects: 1.977300 ms  DeleteObjects: 0.020000 ms)

AssetImportParameters requested are different than current active one (requested -> active):
  custom:framework-win-MediaFoundation: 216162199b28c13a410421893ffa2e32 -> 
  custom:video-decoder-ogg-theora: a1e56fd34408186e4bbccfd4996cb3dc -> 
  custom:container-muxer-webm: aa71ff27fc2769a1b78a27578f13a17b -> 
  custom:container-demuxer-webm: 4f35f7cbe854078d1ac9338744f61a02 -> 
  custom:container-demuxer-ogg: 62fdf1f143b41e24485cea50d1cbac27 -> 
  custom:video-encoder-webm-vp8: eb34c28f22e8b96e1ab97ce403110664 -> 
  custom:video-decoder-webm-vp8: 9c59270c3fd7afecdb556c50c9e8de78 -> 
  custom:audio-decoder-ogg-vorbis: bf7c407c2cedff20999df2af8eb42d56 -> 
  custom:audio-encoder-webm-vorbis: bf7c407c2cedff20999df2af8eb42d56 -> 
========================================================================
Received Import Request.
  path: Assets/New SoldierData.asset
  artifactKey: Guid(0110f8e3af88b4ff5a1ebdb1f3871d79) Importer(815301076,1909f56bfc062723c751e8b465ee728b)
Start importing Assets/New SoldierData.asset using Guid(0110f8e3af88b4ff5a1ebdb1f3871d79) Importer(815301076,1909f56bfc062723c751e8b465ee728b)  -> (artifact id: '6e2d627e8e7b550fa5914b394d55f1d1') in 0.067238 seconds 
  Import took 0.070181 seconds .

========================================================================
Received Import Request.
  Time since last request: 350.233970 seconds.
  path: Assets/UI/Scenes
  artifactKey: Guid(5a9af84e1c84df748aa0cff2e35f26df) Importer(815301076,1909f56bfc062723c751e8b465ee728b)
Start importing Assets/UI/Scenes using Guid(5a9af84e1c84df748aa0cff2e35f26df) Importer(815301076,1909f56bfc062723c751e8b465ee728b)  -> (artifact id: '95a7e5759d3dc0870fd9aff4f7a039a8') in 0.007399 seconds 
  Import took 0.010303 seconds .

========================================================================
Received Import Request.
  Time since last request: 0.031636 seconds.
  path: Assets/UI/Scenes
  artifactKey: Guid(5a9af84e1c84df748aa0cff2e35f26df) Importer(815301076,1909f56bfc062723c751e8b465ee728b)
Start importing Assets/UI/Scenes using Guid(5a9af84e1c84df748aa0cff2e35f26df) Importer(815301076,1909f56bfc062723c751e8b465ee728b)  -> (artifact id: '95a7e5759d3dc0870fd9aff4f7a039a8') in 0.001698 seconds 
  Import took 0.004474 seconds .

========================================================================
Received Import Request.
  Time since last request: 1.106545 seconds.
  path: Assets/UI/Scenes/MainMenu.unity
  artifactKey: Guid(5f940c1d086cafc48af301ee5522b92b) Importer(815301076,1909f56bfc062723c751e8b465ee728b)
Start importing Assets/UI/Scenes/MainMenu.unity using Guid(5f940c1d086cafc48af301ee5522b92b) Importer(815301076,1909f56bfc062723c751e8b465ee728b)  -> (artifact id: '9d1d9434279abd3658e34b0eb6ceb813') in 0.007163 seconds 
  Import took 0.010028 seconds .

========================================================================
Received Prepare
Registering precompiled user dll's ...
Registered in 0.002537 seconds.
Begin MonoManager ReloadAssembly
Native extension for WindowsStandalone target not found
Native extension for OSXStandalone target not found
Native extension for WebGL target not found
Refreshing native plugins compatible for Editor in 0.45 ms, found 2 plugins.
Preloading 0 native plugins for Editor in 0.00 ms.
Mono: successfully reloaded assembly
- Completed reload, in  1.016 seconds
Platform modules already initialized, skipping
Refreshing native plugins compatible for Editor in 0.46 ms, found 2 plugins.
Preloading 0 native plugins for Editor in 0.00 ms.
Unloading 1673 Unused Serialized files (Serialized files now loaded: 0)
System memory in use before: 162.1 MB.
System memory in use after: 162.2 MB.

Unloading 12 unused Assets to reduce memory usage. Loaded Objects now: 2169.
Total: 2.140900 ms (FindLiveObjects: 0.166400 ms CreateObjectMapping: 0.043100 ms MarkObjects: 1.915200 ms  DeleteObjects: 0.015300 ms)

AssetImportParameters requested are different than current active one (requested -> active):
  custom:framework-win-MediaFoundation: 216162199b28c13a410421893ffa2e32 -> 
  custom:video-decoder-ogg-theora: a1e56fd34408186e4bbccfd4996cb3dc -> 
  custom:container-muxer-webm: aa71ff27fc2769a1b78a27578f13a17b -> 
  custom:container-demuxer-webm: 4f35f7cbe854078d1ac9338744f61a02 -> 
  custom:container-demuxer-ogg: 62fdf1f143b41e24485cea50d1cbac27 -> 
  custom:video-encoder-webm-vp8: eb34c28f22e8b96e1ab97ce403110664 -> 
  custom:video-decoder-webm-vp8: 9c59270c3fd7afecdb556c50c9e8de78 -> 
  custom:audio-decoder-ogg-vorbis: bf7c407c2cedff20999df2af8eb42d56 -> 
  custom:audio-encoder-webm-vorbis: bf7c407c2cedff20999df2af8eb42d56 -> 
AssetImportWorkerClient::OnTransportError - code=2 error=End of file
